Using pre-set license
Built from '2020.2/staging' branch; Version is '2020.2.7f1 (c53830e277f1) revision 12924976'; Using compiler version '192528614'; Build Type 'Release'
OS: 'Windows 10 Home; OS build 19042.985; Version 2009; 64bit' Language: 'ko' Physical Memory: 65466 MB
BatchMode: 1, IsHumanControllingUs: 0, StartBugReporterOnCrash: 0, Is64bit: 1, IsPro: 0

 COMMAND LINE ARGUMENTS:
C:\Program Files\Unity\Hub\Editor\2020.2.7f1\Editor\Unity.exe
-adb2
-batchMode
-noUpm
-name
AssetImportWorker0
-projectPath
E:/SummerProj/summer/MistilTaene
-logFile
Logs/AssetImportWorker0.log
-srvPort
60975
Successfully changed project path to: E:/SummerProj/summer/MistilTaene
E:/SummerProj/summer/MistilTaene
Using Asset Import Pipeline V2.
Refreshing native plugins compatible for Editor in 30.21 ms, found 1 plugins.
Preloading 0 native plugins for Editor in 0.00 ms.
Initialize engine version: 2020.2.7f1 (c53830e277f1)
[Subsystems] Discovering subsystems at path C:/Program Files/Unity/Hub/Editor/2020.2.7f1/Editor/Data/Resources/UnitySubsystems
[Subsystems] Discovering subsystems at path E:/SummerProj/summer/MistilTaene/Assets
GfxDevice: creating device client; threaded=0
Direct3D:
    Version:  Direct3D 11.0 [level 11.1]
    Renderer: NVIDIA GeForce RTX 3080 (ID=0x2206)
    Vendor:   
    VRAM:     10077 MB
    Driver:   27.21.14.5671
Initialize mono
Mono path[0] = 'C:/Program Files/Unity/Hub/Editor/2020.2.7f1/Editor/Data/Managed'
Mono path[1] = 'C:/Program Files/Unity/Hub/Editor/2020.2.7f1/Editor/Data/MonoBleedingEdge/lib/mono/unityjit'
Mono config path = 'C:/Program Files/Unity/Hub/Editor/2020.2.7f1/Editor/Data/MonoBleedingEdge/etc'
Using monoOptions --debugger-agent=transport=dt_socket,embedding=1,server=y,suspend=n,address=127.0.0.1:56632
Begin MonoManager ReloadAssembly
Registering precompiled unity dll's ...
Register platform support module: C:/Program Files/Unity/Hub/Editor/2020.2.7f1/Editor/Data/PlaybackEngines/WindowsStandaloneSupport/UnityEditor.WindowsStandalone.Extensions.dll
Registered in 0.001793 seconds.
Native extension for WindowsStandalone target not found
Refreshing native plugins compatible for Editor in 30.22 ms, found 1 plugins.
Preloading 0 native plugins for Editor in 0.00 ms.
Invoked RoslynAnalysisRunner static constructor.
RoslynAnalysisRunner will not be running.
RoslynAnalysisRunner has terminated.
Mono: successfully reloaded assembly
- Completed reload, in  0.862 seconds
Platform modules already initialized, skipping
Registering precompiled user dll's ...
Registered in 0.000520 seconds.
Begin MonoManager ReloadAssembly
Native extension for WindowsStandalone target not found
Refreshing native plugins compatible for Editor in 40.50 ms, found 1 plugins.
Preloading 0 native plugins for Editor in 0.00 ms.
Invoked RoslynAnalysisRunner static constructor.
RoslynAnalysisRunner will not be running.
RoslynAnalysisRunner has terminated.
Mono: successfully reloaded assembly
- Completed reload, in  0.833 seconds
Platform modules already initialized, skipping
========================================================================
Worker process is ready to serve import requests
Launched and connected shader compiler UnityShaderCompiler.exe after 0.05 seconds
Refreshing native plugins compatible for Editor in 0.50 ms, found 1 plugins.
Preloading 0 native plugins for Editor in 0.00 ms.
Unloading 1820 Unused Serialized files (Serialized files now loaded: 0)
System memory in use before: 85.0 MB.
System memory in use after: 84.9 MB.

Unloading 24 unused Assets to reduce memory usage. Loaded Objects now: 2263.
Total: 2.225300 ms (FindLiveObjects: 0.273200 ms CreateObjectMapping: 0.049400 ms MarkObjects: 1.788100 ms  DeleteObjects: 0.113100 ms)

========================================================================
Received Import Request.
  path: Assets/Scripts/char/PlayerDotge.cs
  artifactKey: Guid(1e7b9007298dacd4ca445c5b9c2c703a) Importer(815301076,1909f56bfc062723c751e8b465ee728b)
Start importing Assets/Scripts/char/PlayerDotge.cs using Guid(1e7b9007298dacd4ca445c5b9c2c703a) Importer(815301076,1909f56bfc062723c751e8b465ee728b)  -> (artifact id: 'af44dc0bea7b0881da00a4c2561c111e') in 0.025313 seconds
  Import took 0.027831 seconds .

========================================================================
Received Import Request.
  Time since last request: 30.725483 seconds.
  path: Assets/Scripts/char/PlayerMoving.cs
  artifactKey: Guid(b2e63f51b57849c489336dd6ea4060bd) Importer(815301076,1909f56bfc062723c751e8b465ee728b)
Start importing Assets/Scripts/char/PlayerMoving.cs using Guid(b2e63f51b57849c489336dd6ea4060bd) Importer(815301076,1909f56bfc062723c751e8b465ee728b)  -> (artifact id: 'ab3e5b11f6b9e4b08fe914ae40f03f3b') in 0.026249 seconds
  Import took 0.028984 seconds .

========================================================================
Received Import Request.
  Time since last request: 535.161321 seconds.
  path: Assets/Scripts/char/PlayerDotge.cs
  artifactKey: Guid(1e7b9007298dacd4ca445c5b9c2c703a) Importer(815301076,1909f56bfc062723c751e8b465ee728b)
Start importing Assets/Scripts/char/PlayerDotge.cs using Guid(1e7b9007298dacd4ca445c5b9c2c703a) Importer(815301076,1909f56bfc062723c751e8b465ee728b)  -> (artifact id: '1daedabfad6a10619e0c1bf46b474a61') in 0.019775 seconds
  Import took 0.022768 seconds .

========================================================================
Received Import Request.
  Time since last request: 0.033456 seconds.
  path: Assets/Scripts/char/PlayerDotge.cs
  artifactKey: Guid(1e7b9007298dacd4ca445c5b9c2c703a) Importer(815301076,1909f56bfc062723c751e8b465ee728b)
Start importing Assets/Scripts/char/PlayerDotge.cs using Guid(1e7b9007298dacd4ca445c5b9c2c703a) Importer(815301076,1909f56bfc062723c751e8b465ee728b)  -> (artifact id: '1daedabfad6a10619e0c1bf46b474a61') in 0.010382 seconds
  Import took 0.013123 seconds .

========================================================================
Received Prepare
Registering precompiled user dll's ...
Registered in 0.000653 seconds.
Begin MonoManager ReloadAssembly
Native extension for WindowsStandalone target not found
Refreshing native plugins compatible for Editor in 0.41 ms, found 1 plugins.
Preloading 0 native plugins for Editor in 0.00 ms.
Invoked RoslynAnalysisRunner static constructor.
RoslynAnalysisRunner will not be running.
RoslynAnalysisRunner has terminated.
Mono: successfully reloaded assembly
- Completed reload, in  0.675 seconds
Platform modules already initialized, skipping
Refreshing native plugins compatible for Editor in 0.31 ms, found 1 plugins.
Preloading 0 native plugins for Editor in 0.00 ms.
Unloading 1815 Unused Serialized files (Serialized files now loaded: 0)
System memory in use before: 84.9 MB.
System memory in use after: 84.9 MB.

Unloading 12 unused Assets to reduce memory usage. Loaded Objects now: 2267.
Total: 2.053300 ms (FindLiveObjects: 0.208100 ms CreateObjectMapping: 0.039400 ms MarkObjects: 1.692600 ms  DeleteObjects: 0.112000 ms)

========================================================================
Received Import Request.
  Time since last request: 18.676589 seconds.
  path: Assets/Scripts/char/PlayerDotge.cs
  artifactKey: Guid(1e7b9007298dacd4ca445c5b9c2c703a) Importer(815301076,1909f56bfc062723c751e8b465ee728b)
Start importing Assets/Scripts/char/PlayerDotge.cs using Guid(1e7b9007298dacd4ca445c5b9c2c703a) Importer(815301076,1909f56bfc062723c751e8b465ee728b)  -> (artifact id: 'f3512ae6dcf88f50c6caf281af62f375') in 0.015685 seconds
  Import took 0.018363 seconds .

========================================================================
Received Prepare
Registering precompiled user dll's ...
Registered in 0.000750 seconds.
Begin MonoManager ReloadAssembly
Native extension for WindowsStandalone target not found
Refreshing native plugins compatible for Editor in 0.40 ms, found 1 plugins.
Preloading 0 native plugins for Editor in 0.00 ms.
Invoked RoslynAnalysisRunner static constructor.
RoslynAnalysisRunner will not be running.
RoslynAnalysisRunner has terminated.
Mono: successfully reloaded assembly
- Completed reload, in  0.693 seconds
Platform modules already initialized, skipping
Refreshing native plugins compatible for Editor in 0.30 ms, found 1 plugins.
Preloading 0 native plugins for Editor in 0.00 ms.
Unloading 1815 Unused Serialized files (Serialized files now loaded: 0)
System memory in use before: 85.0 MB.
System memory in use after: 85.0 MB.

Unloading 12 unused Assets to reduce memory usage. Loaded Objects now: 2271.
Total: 2.035500 ms (FindLiveObjects: 0.204600 ms CreateObjectMapping: 0.054800 ms MarkObjects: 1.656200 ms  DeleteObjects: 0.119000 ms)

========================================================================
Received Prepare
Registering precompiled user dll's ...
Registered in 0.003257 seconds.
Begin MonoManager ReloadAssembly
Native extension for WindowsStandalone target not found
Refreshing native plugins compatible for Editor in 0.33 ms, found 1 plugins.
Preloading 0 native plugins for Editor in 0.00 ms.
Invoked RoslynAnalysisRunner static constructor.
RoslynAnalysisRunner will not be running.
RoslynAnalysisRunner has terminated.
Mono: successfully reloaded assembly
- Completed reload, in  0.648 seconds
Platform modules already initialized, skipping
Refreshing native plugins compatible for Editor in 0.70 ms, found 1 plugins.
Preloading 0 native plugins for Editor in 0.00 ms.
Unloading 1815 Unused Serialized files (Serialized files now loaded: 0)
System memory in use before: 85.0 MB.
System memory in use after: 85.0 MB.

Unloading 12 unused Assets to reduce memory usage. Loaded Objects now: 2275.
Total: 2.044600 ms (FindLiveObjects: 0.218400 ms CreateObjectMapping: 0.039100 ms MarkObjects: 1.679800 ms  DeleteObjects: 0.105900 ms)

========================================================================
Received Prepare
Registering precompiled user dll's ...
Registered in 0.000801 seconds.
Begin MonoManager ReloadAssembly
Native extension for WindowsStandalone target not found
Refreshing native plugins compatible for Editor in 0.39 ms, found 1 plugins.
Preloading 0 native plugins for Editor in 0.00 ms.
Invoked RoslynAnalysisRunner static constructor.
RoslynAnalysisRunner will not be running.
RoslynAnalysisRunner has terminated.
Mono: successfully reloaded assembly
- Completed reload, in  0.677 seconds
Platform modules already initialized, skipping
Refreshing native plugins compatible for Editor in 0.40 ms, found 1 plugins.
Preloading 0 native plugins for Editor in 0.00 ms.
Unloading 1815 Unused Serialized files (Serialized files now loaded: 0)
System memory in use before: 85.0 MB.
System memory in use after: 85.0 MB.

Unloading 12 unused Assets to reduce memory usage. Loaded Objects now: 2279.
Total: 1.969600 ms (FindLiveObjects: 0.258300 ms CreateObjectMapping: 0.042500 ms MarkObjects: 1.559100 ms  DeleteObjects: 0.108900 ms)

========================================================================
Received Prepare
Registering precompiled user dll's ...
Registered in 0.003995 seconds.
Begin MonoManager ReloadAssembly
Native extension for WindowsStandalone target not found
Refreshing native plugins compatible for Editor in 0.36 ms, found 1 plugins.
Preloading 0 native plugins for Editor in 0.00 ms.
Invoked RoslynAnalysisRunner static constructor.
RoslynAnalysisRunner will not be running.
RoslynAnalysisRunner has terminated.
Mono: successfully reloaded assembly
- Completed reload, in  0.648 seconds
Platform modules already initialized, skipping
Refreshing native plugins compatible for Editor in 0.38 ms, found 1 plugins.
Preloading 0 native plugins for Editor in 0.00 ms.
Unloading 1815 Unused Serialized files (Serialized files now loaded: 0)
System memory in use before: 85.0 MB.
System memory in use after: 85.0 MB.

Unloading 12 unused Assets to reduce memory usage. Loaded Objects now: 2283.
Total: 2.209500 ms (FindLiveObjects: 0.211400 ms CreateObjectMapping: 0.039800 ms MarkObjects: 1.849300 ms  DeleteObjects: 0.107800 ms)

========================================================================
Received Prepare
Registering precompiled user dll's ...
Registered in 0.003648 seconds.
Begin MonoManager ReloadAssembly
Native extension for WindowsStandalone target not found
Refreshing native plugins compatible for Editor in 0.37 ms, found 1 plugins.
Preloading 0 native plugins for Editor in 0.00 ms.
Invoked RoslynAnalysisRunner static constructor.
RoslynAnalysisRunner will not be running.
RoslynAnalysisRunner has terminated.
Mono: successfully reloaded assembly
- Completed reload, in  0.647 seconds
Platform modules already initialized, skipping
Refreshing native plugins compatible for Editor in 0.37 ms, found 1 plugins.
Preloading 0 native plugins for Editor in 0.00 ms.
Unloading 1815 Unused Serialized files (Serialized files now loaded: 0)
System memory in use before: 85.0 MB.
System memory in use after: 85.0 MB.

Unloading 12 unused Assets to reduce memory usage. Loaded Objects now: 2287.
Total: 2.000300 ms (FindLiveObjects: 0.208900 ms CreateObjectMapping: 0.038600 ms MarkObjects: 1.631700 ms  DeleteObjects: 0.120100 ms)

========================================================================
Received Prepare
Registering precompiled user dll's ...
Registered in 0.003183 seconds.
Begin MonoManager ReloadAssembly
Native extension for WindowsStandalone target not found
Refreshing native plugins compatible for Editor in 0.38 ms, found 1 plugins.
Preloading 0 native plugins for Editor in 0.00 ms.
Invoked RoslynAnalysisRunner static constructor.
RoslynAnalysisRunner will not be running.
RoslynAnalysisRunner has terminated.
Mono: successfully reloaded assembly
- Completed reload, in  0.651 seconds
Platform modules already initialized, skipping
Refreshing native plugins compatible for Editor in 0.29 ms, found 1 plugins.
Preloading 0 native plugins for Editor in 0.00 ms.
Unloading 1815 Unused Serialized files (Serialized files now loaded: 0)
System memory in use before: 85.1 MB.
System memory in use after: 85.0 MB.

Unloading 12 unused Assets to reduce memory usage. Loaded Objects now: 2291.
Total: 1.949400 ms (FindLiveObjects: 0.188900 ms CreateObjectMapping: 0.039800 ms MarkObjects: 1.601500 ms  DeleteObjects: 0.118300 ms)

========================================================================
Received Prepare
Registering precompiled user dll's ...
Registered in 0.003528 seconds.
Begin MonoManager ReloadAssembly
Native extension for WindowsStandalone target not found
Refreshing native plugins compatible for Editor in 0.38 ms, found 1 plugins.
Preloading 0 native plugins for Editor in 0.00 ms.
Invoked RoslynAnalysisRunner static constructor.
RoslynAnalysisRunner will not be running.
RoslynAnalysisRunner has terminated.
Mono: successfully reloaded assembly
- Completed reload, in  0.658 seconds
Platform modules already initialized, skipping
Refreshing native plugins compatible for Editor in 0.24 ms, found 1 plugins.
Preloading 0 native plugins for Editor in 0.00 ms.
Unloading 1815 Unused Serialized files (Serialized files now loaded: 0)
System memory in use before: 85.1 MB.
System memory in use after: 85.1 MB.

Unloading 12 unused Assets to reduce memory usage. Loaded Objects now: 2295.
Total: 2.310500 ms (FindLiveObjects: 0.240600 ms CreateObjectMapping: 0.047500 ms MarkObjects: 1.906900 ms  DeleteObjects: 0.114400 ms)

========================================================================
Received Prepare
Registering precompiled user dll's ...
Registered in 0.000619 seconds.
Begin MonoManager ReloadAssembly
Native extension for WindowsStandalone target not found
Refreshing native plugins compatible for Editor in 0.39 ms, found 1 plugins.
Preloading 0 native plugins for Editor in 0.00 ms.
Invoked RoslynAnalysisRunner static constructor.
RoslynAnalysisRunner will not be running.
RoslynAnalysisRunner has terminated.
Mono: successfully reloaded assembly
- Completed reload, in  0.666 seconds
Platform modules already initialized, skipping
Refreshing native plugins compatible for Editor in 0.26 ms, found 1 plugins.
Preloading 0 native plugins for Editor in 0.00 ms.
Unloading 1815 Unused Serialized files (Serialized files now loaded: 0)
System memory in use before: 85.1 MB.
System memory in use after: 85.1 MB.

Unloading 12 unused Assets to reduce memory usage. Loaded Objects now: 2299.
Total: 2.045300 ms (FindLiveObjects: 0.200200 ms CreateObjectMapping: 0.045400 ms MarkObjects: 1.684900 ms  DeleteObjects: 0.114100 ms)

========================================================================
Received Prepare
Registering precompiled user dll's ...
Registered in 0.000660 seconds.
Begin MonoManager ReloadAssembly
Native extension for WindowsStandalone target not found
Refreshing native plugins compatible for Editor in 0.37 ms, found 1 plugins.
Preloading 0 native plugins for Editor in 0.00 ms.
Invoked RoslynAnalysisRunner static constructor.
RoslynAnalysisRunner will not be running.
RoslynAnalysisRunner has terminated.
Mono: successfully reloaded assembly
- Completed reload, in  0.649 seconds
Platform modules already initialized, skipping
Refreshing native plugins compatible for Editor in 0.38 ms, found 1 plugins.
Preloading 0 native plugins for Editor in 0.00 ms.
Unloading 1815 Unused Serialized files (Serialized files now loaded: 0)
System memory in use before: 85.1 MB.
System memory in use after: 85.1 MB.

Unloading 12 unused Assets to reduce memory usage. Loaded Objects now: 2303.
Total: 2.198100 ms (FindLiveObjects: 0.217900 ms CreateObjectMapping: 0.040900 ms MarkObjects: 1.827500 ms  DeleteObjects: 0.110600 ms)

========================================================================
Received Prepare
Registering precompiled user dll's ...
Registered in 0.003120 seconds.
Begin MonoManager ReloadAssembly
Native extension for WindowsStandalone target not found
Refreshing native plugins compatible for Editor in 0.38 ms, found 1 plugins.
Preloading 0 native plugins for Editor in 0.00 ms.
Invoked RoslynAnalysisRunner static constructor.
RoslynAnalysisRunner will not be running.
RoslynAnalysisRunner has terminated.
Mono: successfully reloaded assembly
- Completed reload, in  0.644 seconds
Platform modules already initialized, skipping
Refreshing native plugins compatible for Editor in 0.33 ms, found 1 plugins.
Preloading 0 native plugins for Editor in 0.00 ms.
Unloading 1815 Unused Serialized files (Serialized files now loaded: 0)
System memory in use before: 85.1 MB.
System memory in use after: 85.1 MB.

Unloading 12 unused Assets to reduce memory usage. Loaded Objects now: 2307.
Total: 2.215500 ms (FindLiveObjects: 0.221100 ms CreateObjectMapping: 0.047500 ms MarkObjects: 1.833200 ms  DeleteObjects: 0.112500 ms)

AssetImportWorkerClient::OnTransportError - code=2 error=End of file
